Start testing: Aug 09 17:39 JST
----------------------------------------------------------
1/1 Testing: bitcoin_exchange_test
1/1 Test: bitcoin_exchange_test
Command: "/Users/ryutaro320515/Documents/42Tokyo/cpp_module/cpp09/ex00/build/bitcoin_exchange_test"
Directory: /Users/ryutaro320515/Documents/42Tokyo/cpp_module/cpp09/ex00/build
"bitcoin_exchange_test" start time: Aug 09 17:39 JST
Output:
----------------------------------------------------------
Running main() from /Users/ryutaro320515/Documents/42Tokyo/cpp_module/cpp09/ex00/build/_deps/googletest-src/googletest/src/gtest_main.cc
[==========] Running 1 test from 1 test suite.
[----------] Global test environment set-up.
[----------] 1 test from BitcoinExchange
[ RUN      ] BitcoinExchange.strToFloat
[       OK ] BitcoinExchange.strToFloat (0 ms)
[----------] 1 test from BitcoinExchange (0 ms total)

[----------] Global test environment tear-down
[==========] 1 test from 1 test suite ran. (0 ms total)
[  PASSED  ] 1 test.
<end of output>
Test time =   0.01 sec
----------------------------------------------------------
Test Passed.
"bitcoin_exchange_test" end time: Aug 09 17:39 JST
"bitcoin_exchange_test" time elapsed: 00:00:00
----------------------------------------------------------

End testing: Aug 09 17:39 JST
